└─program
        ├─test
        ├─declarations
        │            ├─var
        │            │   ├─a
        │            │   │ └─integer
        │            │   ├─b
        │            │   │ └─integer
        │            │   ├─c
        │            │   │ └─integer
        │            │   └─next_line
        │            │             └─real
        │            ├─label
        │            │     ├─aa
        │            │     ├─bb
        │            │     └─cc
        │            ├─type
        │            │    ├─int
        │            │    │   └─integer
        │            │    └─float
        │            │          └─real
        │            ├─var
        │            │   ├─d
        │            │   │ └─int
        │            │   ├─f
        │            │   │ └─float
        │            │   ├─g
        │            │   │ └─float
        │            │   └─h
        │            │     └─float
        │            └─const
        │                  ├─e
        │                  │ └─2.718282e+00
        │                  └─pi
        │                     └─3.141593e+00
        └─-
          ├─+
          │ ├─+
          │ │ ├─+
          │ │ │ ├─1
          │ │ │ └─[]
          │ │ │    ├─[]
          │ │ │    │  ├─abc
          │ │ │    │  └─[]
          │ │ │    │     ├─.
          │ │ │    │     │ ├─.
          │ │ │    │     │ │ ├─a
          │ │ │    │     │ │ └─b
          │ │ │    │     │ └─c
          │ │ │    │     └─()
          │ │ │    │        ├─func
          │ │ │    │        └─123
          │ │ │    └─1
          │ │ └─/
          │ │   ├─()
          │ │   │  ├─abc
          │ │   │  ├─1
          │ │   │  ├─2
          │ │   │  └─aaa
          │ │   └─.
          │ │     ├─.
          │ │     │ ├─foo
          │ │     │ └─bar
          │ │     └─baz
          │ └─100
          └─*
            ├─-
            │ └─*
            │   ├─*
            │   │ ├─*
            │   │ │ ├─*
            │   │ │ │ ├─1
            │   │ │ │ └─2
            │   │ │ └─3
            │   │ └─4
            │   └─+
            │     ├─5
            │     └─*
            │       ├─6
            │       └─+
            │         ├─5
            │         └─6
            └─[]
               ├─a
               └─1.100000e+00
